<?xml version="1.0" encoding="UTF-8"?>
<testsuite xmlns:xsi="http://www.w3.org/2001/XMLSchema-instance" xsi:noNamespaceSchemaLocation="https://maven.apache.org/surefire/maven-surefire-plugin/xsd/surefire-test-report.xsd" version="3.0.2" name="runner.TestRunner" time="1.916" tests="5" errors="3" skipped="0" failures="0">
  <properties>
[...]
</properties>
  <testcase name="User is on the enthrall IT Homepage URL" classname="Log In" time="0.313">
    <system-out><![CDATA[
@login @regression
Scenario: User is on the enthrall IT Homepage URL         # src/test/java/feature/login.feature:14
  Given User is on the enthrall IT Homepage URL           # stepDefinition.LogInStepDefinition.user_is_on_the_enthrall_it_homepage_url()
  When User click on Login Button navigated to Login Page # stepDefinition.LogInStepDefinition.user_click_on_login_button_navigated_to_login_page()
  And User enter Email in the Email field                 # stepDefinition.LogInStepDefinition.user_enter_email_in_the_email_field()
  And User enter Password in the Password field           # stepDefinition.LogInStepDefinition.user_enter_password_in_the_password_field()
  And User finally click on Login Button                  # stepDefinition.LogInStepDefinition.user_finally_click_on_login_button()
  Then User will navigate to DashBoard Page               # stepDefinition.LogInStepDefinition.user_will_navigate_to_dash_board_page()
]]></system-out>
  </testcase>
  <testcase name="Login with fixed valid credentials" classname="Log In" time="0.063">
    <system-out><![CDATA[
@login @sanity
Scenario: Login with fixed valid credentials              # src/test/java/feature/login.feature:23
  Given User is on the enthrall IT Homepage URL           # stepDefinition.LogInStepDefinition.user_is_on_the_enthrall_it_homepage_url()
  When User click on Login Button navigated to Login Page # stepDefinition.LogInStepDefinition.user_click_on_login_button_navigated_to_login_page()
  And User enter UserId as 'Mizimuktar0@gmail.com'        # stepDefinition.LogInStepDefinition.user_enter_user_id_as(java.lang.String)
  And User enter Password as 'Password$1'                 # stepDefinition.LogInStepDefinition.user_enter_password_as(java.lang.String)
  And User finally click on Login Button                  # stepDefinition.LogInStepDefinition.user_finally_click_on_login_button()
  Then User will navigate to DashBoard Page               # stepDefinition.LogInStepDefinition.user_will_navigate_to_dash_board_page()
]]></system-out>
  </testcase>
  <testcase name="Login with Sets of valid credentials #1" classname="Log In" time="0.204">
    <error message="The step &apos;User enter Email as &lt;Email&gt;&apos; is undefined.&#10;You can implement this step using the snippet(s) below:&#10;&#10;@When(&quot;User enter Email as &lt;Email&gt;&quot;)&#10;public void userEnterEmailAsEmail() {&#10;    // Write code here that turns the phrase above into concrete actions&#10;    throw new io.cucumber.java.PendingException();&#10;}&#10;" type="io.cucumber.junit.UndefinedStepException"><![CDATA[io.cucumber.junit.UndefinedStepException: 
The step 'User enter Email as <Email>' is undefined.
You can implement this step using the snippet(s) below:

@When("User enter Email as <Email>")
public void userEnterEmailAsEmail() {
    // Write code here that turns the phrase above into concrete actions
    throw new io.cucumber.java.PendingException();
}

]]></error>
    <system-out><![CDATA[
@login @smoke
Scenario Outline: Login with Sets of valid credentials      # src/test/java/feature/login.feature:40
  Given User is on the enthrall IT Homepage URL             # stepDefinition.LogInStepDefinition.user_is_on_the_enthrall_it_homepage_url()
  When User click on Login Button to navigate to login page # stepDefinition.LogInStepDefinition.click_on_login_button_to_navigate_to_login_page()
  When User enter Email as <Email>
  And User enter Password as 'password$1'                   # stepDefinition.LogInStepDefinition.user_enter_password_as(java.lang.String)
  And User finally click on Login Button                    # stepDefinition.LogInStepDefinition.user_finally_click_on_login_button()
  Then User will navigate to DashBoard Page                 # stepDefinition.LogInStepDefinition.user_will_navigate_to_dash_board_page()
]]></system-out>
  </testcase>
  <testcase name="Login with Sets of valid credentials #2" classname="Log In" time="0.062">
    <error message="The step &apos;User enter Email as &lt;Email&gt;&apos; is undefined.&#10;You can implement this step using the snippet(s) below:&#10;&#10;@When(&quot;User enter Email as &lt;Email&gt;&quot;)&#10;public void userEnterEmailAsEmail() {&#10;    // Write code here that turns the phrase above into concrete actions&#10;    throw new io.cucumber.java.PendingException();&#10;}&#10;" type="io.cucumber.junit.UndefinedStepException"><![CDATA[io.cucumber.junit.UndefinedStepException: 
The step 'User enter Email as <Email>' is undefined.
You can implement this step using the snippet(s) below:

@When("User enter Email as <Email>")
public void userEnterEmailAsEmail() {
    // Write code here that turns the phrase above into concrete actions
    throw new io.cucumber.java.PendingException();
}

]]></error>
    <system-out><![CDATA[
@login @smoke
Scenario Outline: Login with Sets of valid credentials      # src/test/java/feature/login.feature:41
  Given User is on the enthrall IT Homepage URL             # stepDefinition.LogInStepDefinition.user_is_on_the_enthrall_it_homepage_url()
  When User click on Login Button to navigate to login page # stepDefinition.LogInStepDefinition.click_on_login_button_to_navigate_to_login_page()
  When User enter Email as <Email>
  And User enter Password as 'Faizan2026#'                  # stepDefinition.LogInStepDefinition.user_enter_password_as(java.lang.String)
  And User finally click on Login Button                    # stepDefinition.LogInStepDefinition.user_finally_click_on_login_button()
  Then User will navigate to DashBoard Page                 # stepDefinition.LogInStepDefinition.user_will_navigate_to_dash_board_page()
]]></system-out>
  </testcase>
  <testcase name="Login with Sets of valid credentials #3" classname="Log In" time="0.094">
    <error message="The step &apos;User enter Email as &lt;Email&gt;&apos; is undefined.&#10;You can implement this step using the snippet(s) below:&#10;&#10;@When(&quot;User enter Email as &lt;Email&gt;&quot;)&#10;public void userEnterEmailAsEmail() {&#10;    // Write code here that turns the phrase above into concrete actions&#10;    throw new io.cucumber.java.PendingException();&#10;}&#10;" type="io.cucumber.junit.UndefinedStepException"><![CDATA[io.cucumber.junit.UndefinedStepException: 
The step 'User enter Email as <Email>' is undefined.
You can implement this step using the snippet(s) below:

@When("User enter Email as <Email>")
public void userEnterEmailAsEmail() {
    // Write code here that turns the phrase above into concrete actions
    throw new io.cucumber.java.PendingException();
}

]]></error>
    <system-out><![CDATA[
@login @smoke
Scenario Outline: Login with Sets of valid credentials      # src/test/java/feature/login.feature:42
  Given User is on the enthrall IT Homepage URL             # stepDefinition.LogInStepDefinition.user_is_on_the_enthrall_it_homepage_url()
  When User click on Login Button to navigate to login page # stepDefinition.LogInStepDefinition.click_on_login_button_to_navigate_to_login_page()
  When User enter Email as <Email>
  And User enter Password as 'saimun388556Bd@'              # stepDefinition.LogInStepDefinition.user_enter_password_as(java.lang.String)
  And User finally click on Login Button                    # stepDefinition.LogInStepDefinition.user_finally_click_on_login_button()
  Then User will navigate to DashBoard Page                 # stepDefinition.LogInStepDefinition.user_will_navigate_to_dash_board_page()
]]></system-out>
  </testcase>
</testsuite>