<?xml version="1.0" encoding="UTF-8"?>
<testsuite name="Cucumber" time="0.654" tests="3" skipped="0" failures="3" errors="0">
<testcase classname="Log In" name="Login with Sets of valid credentials - #1.1" time="0.065">
<failure/>
<system-out><![CDATA[
Given User is on the enthrall IT Homepage URL...............................passed
When User click on Login Button to navigate to login page...................undefined
When User enter Email as <Email>............................................skipped
And User enter Password as <Password>.......................................skipped
And User finally click on Login Button......................................skipped
Then User will navigate to DashBoard Page...................................skipped
]]></system-out>
</testcase>
<testcase classname="Log In" name="Login with Sets of valid credentials - #1.2" time="0.021">
<failure/>
<system-out><![CDATA[
Given User is on the enthrall IT Homepage URL...............................passed
When User click on Login Button to navigate to login page...................undefined
When User enter Email as <Email>............................................skipped
And User enter Password as <Password>.......................................skipped
And User finally click on Login Button......................................skipped
Then User will navigate to DashBoard Page...................................skipped
]]></system-out>
</testcase>
<testcase classname="Log In" name="Login with Sets of valid credentials - #1.3" time="0.014">
<failure/>
<system-out><![CDATA[
Given User is on the enthrall IT Homepage URL...............................passed
When User click on Login Button to navigate to login page...................undefined
When User enter Email as <Email>............................................skipped
And User enter Password as <Password>.......................................skipped
And User finally click on Login Button......................................skipped
Then User will navigate to DashBoard Page...................................skipped
]]></system-out>
</testcase>
</testsuite>
